\BOOKMARK [-1][-]{part.1}{\376\377\000I\000.\000\040\000B\000e\000v\000e\000z\000e\000t\000\351\000s}{}% 1
\BOOKMARK [0][-]{chapter.1}{\376\377\000A\000\040\000t\000e\000r\000v\000e\000z\000e\000t\000t\000\040\000r\000e\000n\000d\000s\000z\000e\000r}{part.1}% 2
\BOOKMARK [0][-]{chapter.2}{\376\377\000A\000\040\000j\000e\000l\000e\000n\000l\000e\000g\000i\000\040\000r\000e\000n\000d\000s\000z\000e\000r}{part.1}% 3
\BOOKMARK [1][-]{section.2.1}{\376\377\000A\000\040\000j\000e\000l\000e\000n\000l\000e\000g\000i\000\040\000r\000e\000n\000d\000s\000z\000e\000r\000\040\000b\000e\000m\000u\000t\000a\000t\000\341\000s\000a}{chapter.2}% 4
\BOOKMARK [1][-]{section.2.2}{\376\377\000A\000\040\000j\000e\000l\000e\000n\000l\000e\000g\000i\000\040\000r\000e\000n\000d\000s\000z\000e\000r\000\040\000t\000o\000v\000\341\000b\000b\000i\000\040\000h\000a\000s\000z\000n\000\341\000l\000a\000t\000\341\000n\000a\000k\000\040\000l\000e\000h\000e\000t\001\121\000s\000\351\000g\000e}{chapter.2}% 5
\BOOKMARK [1][-]{section.2.3}{\376\377\000A\000\040\000r\000\351\000g\000i\000\040\000r\000e\000n\000d\000s\000z\000e\000r\000\040\000h\000i\000b\000\341\000i\000,\000\040\000a\000z\000\040\000\372\000j\000r\000a\000t\000e\000r\000v\000e\000z\000\351\000s\000\040\000s\000z\000\374\000k\000s\000\351\000g\000e\000s\000s\000\351\000g\000e}{chapter.2}% 6
\BOOKMARK [2][-]{subsection.2.3.1}{\376\377\000K\000u\000l\000c\000s\000o\000k\000\040\000h\000i\000\341\000n\000y\000a}{section.2.3}% 7
\BOOKMARK [2][-]{subsection.2.3.2}{\376\377\000K\000u\000l\000c\000s\000o\000k\000\040\000\351\000s\000\040\000s\000z\000a\000b\000\341\000l\000y\000o\000k\000\040\000h\000i\000\341\000n\000y\000a\000,\000\040\000a\000n\000n\000a\000k\000\040\000k\000\366\000v\000e\000t\000k\000e\000z\000m\000\351\000n\000y\000e\000i}{section.2.3}% 8
\BOOKMARK [2][-]{subsection.2.3.3}{\376\377\000K\000u\000l\000c\000s\000o\000k\000\040\000\050\000a\000z\000o\000n\000o\000s\000\355\000t\000\363\000k\000\051\000\040\000k\000\351\000p\000z\000\351\000s\000e}{section.2.3}% 9
\BOOKMARK [2][-]{subsection.2.3.4}{\376\377\000A\000\040\000m\000e\000g\000l\000\351\000v\001\121\000\040\000r\000e\000n\000d\000s\000z\000e\000r\000e\000k\000\040\000a\000z\000o\000n\000o\000s\000\355\000t\000\363\000i}{section.2.3}% 10
\BOOKMARK [0][-]{chapter.3}{\376\377\000A\000z\000\040\000\372\000j\000\040\000r\000e\000n\000d\000s\000z\000e\000r\000\040\000t\000e\000r\000v\000e\000z\000\351\000s\000e}{part.1}% 11
\BOOKMARK [1][-]{section.3.1}{\376\377\000A\000\040\000p\000r\000o\000b\000l\000\351\000m\000a\000\040\000l\000e\000\355\000r\000\341\000s\000a}{chapter.3}% 12
\BOOKMARK [1][-]{section.3.2}{\376\377\000F\000e\000l\000h\000a\000s\000z\000n\000\341\000l\000\363\000i\000\040\000s\000z\000e\000r\000e\000p\000e\000k}{chapter.3}% 13
\BOOKMARK [1][-]{section.3.3}{\376\377\000A\000z\000\040\000\372\000j\000\040\000r\000e\000n\000d\000s\000z\000e\000r\000\040\000t\000\341\000b\000l\000\341\000i}{chapter.3}% 14
\BOOKMARK [1][-]{section.3.4}{\376\377\000A\000\040\000t\000\341\000b\000l\000\341\000k\000\040\000r\000\351\000s\000z\000l\000e\000t\000e\000s\000\040\000l\000e\000\355\000r\000\341\000s\000a}{chapter.3}% 15
\BOOKMARK [2][-]{subsection.3.4.1}{\376\377\000S\000Z\000E\000R\000E\000P\000\040\000t\000\341\000b\000l\000a}{section.3.4}% 16
\BOOKMARK [2][-]{subsection.3.4.2}{\376\377\000M\000I\000N\001\120\000S\000\315\000T\000\311\000S\000\040\000t\000\341\000b\000l\000a}{section.3.4}% 17
\BOOKMARK [2][-]{subsection.3.4.3}{\376\377\000K\000\326\000L\000T\000S\000\311\000G\000H\000E\000L\000Y\000\040\000t\000\341\000b\000l\000a}{section.3.4}% 18
\BOOKMARK [2][-]{subsection.3.4.4}{\376\377\000F\000E\000L\000H\000A\000S\000Z\000N\000\301\000L\000\323\000\040\000t\000\341\000b\000l\000a}{section.3.4}% 19
\BOOKMARK [2][-]{subsection.3.4.5}{\376\377\000D\000O\000L\000G\000O\000Z\000\323\000\040\000t\000\341\000b\000l\000a}{section.3.4}% 20
\BOOKMARK [2][-]{subsection.3.4.6}{\376\377\000C\000I\000K\000K\000T\000\326\000R\000Z\000S\000\040\000t\000\341\000b\000l\000a}{section.3.4}% 21
\BOOKMARK [2][-]{subsection.3.4.7}{\376\377\000M\001\160\000S\000Z\000E\000R\000\040\000t\000\341\000b\000l\000a}{section.3.4}% 22
