This is pdfTeX, Version 3.14159265-2.6-1.40.21 (MiKTeX 20.10) (preloaded format=pdflatex 2020.10.30)  30 OCT 2020 09:21
entering extended mode
**./kalibra-main.tex
(kalibra-main.tex
LaTeX2e <2020-10-01> patch level 1
L3 programming layer <2020-10-05> xparse <2020-03-03>
("C:\Users\Szikora Gy√∂rgy\AppData\Local\Programs\MiKTeX\tex/latex/base\report.
cls"
Document Class: report 2020/04/10 v1.4m Standard LaTeX document class

("C:\Users\Szikora Gy√∂rgy\AppData\Local\Programs\MiKTeX\tex/latex/base\size12.
clo"
File: size12.clo 2020/04/10 v1.4m Standard LaTeX file (size option)
)
\c@part=\count175
\c@chapter=\count176
\c@section=\count177
\c@subsection=\count178
\c@subsubsection=\count179
\c@paragraph=\count180
\c@subparagraph=\count181
\c@figure=\count182
\c@table=\count183
\abovecaptionskip=\skip47
\belowcaptionskip=\skip48
\bibindent=\dimen138
)
("C:\Users\Szikora Gy√∂rgy\AppData\Local\Programs\MiKTeX\tex/latex/hyperref\hyp
erref.sty"
Package: hyperref 2020-05-15 v7.00e Hypertext links for LaTeX

("C:\Users\Szikora Gy√∂rgy\AppData\Local\Programs\MiKTeX\tex/generic/ltxcmds\lt
xcmds.sty"
Package: ltxcmds 2020-05-10 v1.25 LaTeX kernel commands for general use (HO)
)
("C:\Users\Szikora Gy√∂rgy\AppData\Local\Programs\MiKTeX\tex/generic/iftex\ifte
x.sty"
Package: iftex 2020/03/06 v1.0d TeX engine tests
)
("C:\Users\Szikora Gy√∂rgy\AppData\Local\Programs\MiKTeX\tex/generic/pdftexcmds
\pdftexcmds.sty"
Package: pdftexcmds 2020-06-27 v0.33 Utility functions of pdfTeX for LuaTeX (HO
)

("C:\Users\Szikora Gy√∂rgy\AppData\Local\Programs\MiKTeX\tex/generic/infwarerr\
infwarerr.sty"
Package: infwarerr 2019/12/03 v1.5 Providing info/warning/error messages (HO)
)
Package pdftexcmds Info: \pdf@primitive is available.
Package pdftexcmds Info: \pdf@ifprimitive is available.
Package pdftexcmds Info: \pdfdraftmode found.
)
("C:\Users\Szikora Gy√∂rgy\AppData\Local\Programs\MiKTeX\tex/latex/graphics\key
val.sty"
Package: keyval 2014/10/28 v1.15 key=value parser (DPC)
\KV@toks@=\toks15
)
("C:\Users\Szikora Gy√∂rgy\AppData\Local\Programs\MiKTeX\tex/generic/kvsetkeys\
kvsetkeys.sty"
Package: kvsetkeys 2019/12/15 v1.18 Key value parser (HO)
)
("C:\Users\Szikora Gy√∂rgy\AppData\Local\Programs\MiKTeX\tex/generic/kvdefineke
ys\kvdefinekeys.sty"
Package: kvdefinekeys 2019-12-19 v1.6 Define keys (HO)
)
("C:\Users\Szikora Gy√∂rgy\AppData\Local\Programs\MiKTeX\tex/generic/pdfescape\
pdfescape.sty"
Package: pdfescape 2019/12/09 v1.15 Implements pdfTeX's escape features (HO)
)
("C:\Users\Szikora Gy√∂rgy\AppData\Local\Programs\MiKTeX\tex/latex/hycolor\hyco
lor.sty"
Package: hycolor 2020-01-27 v1.10 Color options for hyperref/bookmark (HO)
)
("C:\Users\Szikora Gy√∂rgy\AppData\Local\Programs\MiKTeX\tex/latex/letltxmacro\
letltxmacro.sty"
Package: letltxmacro 2019/12/03 v1.6 Let assignment for LaTeX macros (HO)
)
("C:\Users\Szikora Gy√∂rgy\AppData\Local\Programs\MiKTeX\tex/latex/auxhook\auxh
ook.sty"
Package: auxhook 2019-12-17 v1.6 Hooks for auxiliary files (HO)
)
("C:\Users\Szikora Gy√∂rgy\AppData\Local\Programs\MiKTeX\tex/latex/kvoptions\kv
options.sty"
Package: kvoptions 2019/11/29 v3.13 Key value format for package options (HO)
)
\@linkdim=\dimen139
\Hy@linkcounter=\count184
\Hy@pagecounter=\count185

("C:\Users\Szikora Gy√∂rgy\AppData\Local\Programs\MiKTeX\tex/latex/hyperref\pd1
enc.def"
File: pd1enc.def 2020-05-15 v7.00e Hyperref: PDFDocEncoding definition (HO)
Now handling font encoding PD1 ...
... no UTF-8 mapping file for font encoding PD1
)
("C:\Users\Szikora Gy√∂rgy\AppData\Local\Programs\MiKTeX\tex/generic/intcalc\in
tcalc.sty"
Package: intcalc 2019/12/15 v1.3 Expandable calculations with integers (HO)
)
("C:\Users\Szikora Gy√∂rgy\AppData\Local\Programs\MiKTeX\tex/generic/etexcmds\e
texcmds.sty"
Package: etexcmds 2019/12/15 v1.7 Avoid name clashes with e-TeX commands (HO)
)
\Hy@SavedSpaceFactor=\count186
Package hyperref Info: Hyper figures OFF on input line 4464.
Package hyperref Info: Link nesting OFF on input line 4469.
Package hyperref Info: Hyper index ON on input line 4472.
Package hyperref Info: Plain pages OFF on input line 4479.
Package hyperref Info: Backreferencing OFF on input line 4484.
Package hyperref Info: Implicit mode ON; LaTeX internals redefined.
Package hyperref Info: Bookmarks ON on input line 4717.
\c@Hy@tempcnt=\count187

("C:\Users\Szikora Gy√∂rgy\AppData\Local\Programs\MiKTeX\tex/latex/url\url.sty"
\Urlmuskip=\muskip16
Package: url 2013/09/16  ver 3.4  Verb mode for urls, etc.
)
LaTeX Info: Redefining \url on input line 5076.
\XeTeXLinkMargin=\dimen140

("C:\Users\Szikora Gy√∂rgy\AppData\Local\Programs\MiKTeX\tex/generic/bitset\bit
set.sty"
Package: bitset 2019/12/09 v1.3 Handle bit-vector datatype (HO)

("C:\Users\Szikora Gy√∂rgy\AppData\Local\Programs\MiKTeX\tex/generic/bigintcalc
\bigintcalc.sty"
Package: bigintcalc 2019/12/15 v1.5 Expandable calculations on big integers (HO
)
))
\Fld@menulength=\count188
\Field@Width=\dimen141
\Fld@charsize=\dimen142
Package hyperref Info: Hyper figures OFF on input line 6347.
Package hyperref Info: Link nesting OFF on input line 6352.
Package hyperref Info: Hyper index ON on input line 6355.
Package hyperref Info: backreferencing OFF on input line 6362.
Package hyperref Info: Link coloring OFF on input line 6367.
Package hyperref Info: Link coloring with OCG OFF on input line 6372.
Package hyperref Info: PDF/A mode OFF on input line 6377.
LaTeX Info: Redefining \ref on input line 6417.
LaTeX Info: Redefining \pageref on input line 6421.

("C:\Users\Szikora Gy√∂rgy\AppData\Local\Programs\MiKTeX\tex/latex/base\atbegsh
i-ltx.sty"
Package: atbegshi-ltx 2020/08/17 v1.0a Emulation of the original atbegshi packa
ge
with kernel methods
)
\Hy@abspage=\count189
\c@Item=\count190
\c@Hfootnote=\count191
)
Package hyperref Info: Driver (autodetected): hpdftex.

("C:\Users\Szikora Gy√∂rgy\AppData\Local\Programs\MiKTeX\tex/latex/hyperref\hpd
ftex.def"
File: hpdftex.def 2020-05-15 v7.00e Hyperref driver for pdfTeX

("C:\Users\Szikora Gy√∂rgy\AppData\Local\Programs\MiKTeX\tex/latex/base\atverye
nd-ltx.sty"
Package: atveryend-ltx 2020/08/19 v1.0a Emulation of the original atvery packag
e
with kernel methods
)
\Fld@listcount=\count192
\c@bookmark@seq@number=\count193

("C:\Users\Szikora Gy√∂rgy\AppData\Local\Programs\MiKTeX\tex/latex/rerunfileche
ck\rerunfilecheck.sty"
Package: rerunfilecheck 2019/12/05 v1.9 Rerun checks for auxiliary files (HO)

("C:\Users\Szikora Gy√∂rgy\AppData\Local\Programs\MiKTeX\tex/generic/uniquecoun
ter\uniquecounter.sty"
Package: uniquecounter 2019/12/15 v1.4 Provide unlimited unique counter (HO)
)
Package uniquecounter Info: New unique counter `rerunfilecheck' on input line 2
86.
)
\Hy@SectionHShift=\skip49
)
("C:\Users\Szikora Gy√∂rgy\AppData\Local\Programs\MiKTeX\tex/latex/fancyhdr\fan
cyhdr.sty"
Package: fancyhdr 2019/01/31 v3.10 Extensive control of page headers and footer
s
\f@nch@headwidth=\skip50
\f@nch@O@elh=\skip51
\f@nch@O@erh=\skip52
\f@nch@O@olh=\skip53
\f@nch@O@orh=\skip54
\f@nch@O@elf=\skip55
\f@nch@O@erf=\skip56
\f@nch@O@olf=\skip57
\f@nch@O@orf=\skip58
)
Package hyperref Info: Option `colorlinks' set `true' on input line 4.
Package hyperref Info: Option `unicode' set `true' on input line 4.

("C:\Users\Szikora Gy√∂rgy\AppData\Local\Programs\MiKTeX\tex/latex/hyperref\pue
nc.def"
File: puenc.def 2020-05-15 v7.00e Hyperref: PDF Unicode definition (HO)
Now handling font encoding PU ...
... no UTF-8 mapping file for font encoding PU
)
("C:\Users\Szikora Gy√∂rgy\AppData\Local\Programs\MiKTeX\tex/latex/amsfonts\ams
fonts.sty"
Package: amsfonts 2013/01/14 v3.01 Basic AMSFonts support
\@emptytoks=\toks16
\symAMSa=\mathgroup4
\symAMSb=\mathgroup5
LaTeX Font Info:    Redeclaring math symbol \hbar on input line 98.
LaTeX Font Info:    Overwriting math alphabet `\mathfrak' in version `bold'
(Font)                  U/euf/m/n --> U/euf/b/n on input line 106.
)
("C:\Users\Szikora Gy√∂rgy\AppData\Local\Programs\MiKTeX\tex/latex/amsfonts\ams
symb.sty"
Package: amssymb 2013/01/14 v3.01 AMS font symbols
)
("C:\Users\Szikora Gy√∂rgy\AppData\Local\Programs\MiKTeX\tex/latex/base\fontenc
.sty"
Package: fontenc 2020/08/10 v2.0s Standard LaTeX package
)
("C:\Users\Szikora Gy√∂rgy\AppData\Local\Programs\MiKTeX\tex/latex/base\inputen
c.sty"
Package: inputenc 2020/08/01 v1.3d Input encoding file
\inpenc@prehook=\toks17
\inpenc@posthook=\toks18
)
("C:\Users\Szikora Gy√∂rgy\AppData\Local\Programs\MiKTeX\tex/generic/babel\babe
l.sty"
Package: babel 2020/10/06 3.50 The Babel package

("C:\Users\Szikora Gy√∂rgy\AppData\Local\Programs\MiKTeX\tex/generic/babel\babe
l.def"
File: babel.def 2020/10/06 3.50 Babel common definitions
\babel@savecnt=\count194
\U@D=\dimen143
\l@babelnohyphens=\language79

("C:\Users\Szikora Gy√∂rgy\AppData\Local\Programs\MiKTeX\tex/generic/babel\txtb
abel.def")
\bbl@readstream=\read2
)
\bbl@dirlevel=\count195

*************************************
* Local config file bblopts.cfg used
*

("C:\Users\Szikora Gy√∂rgy\AppData\Local\Programs\MiKTeX\tex/latex/arabi\bblopt
s.cfg"
File: bblopts.cfg 2005/09/08 v0.1 add Arabic and Farsi to "declared" options of
 babel
)
("C:\Users\Szikora Gy√∂rgy\AppData\Local\Programs\MiKTeX\tex/latex/babel-hungar
ian\magyar.ldf"
Language: magyar 2019/01/14 v1.5c Magyar (Hungarian) support for babel
\c@enumv=\count196
Package babel Info: Making ; an active character on input line 2791.
Package babel Info: Making ! an active character on input line 2793.
Package babel Info: Making ? an active character on input line 2799.
Package babel Info: Making : an active character on input line 2801.
Package babel Info: Making ` an active character on input line 2819.
\c@footnote@add=\count197
\c@footnote@ch=\count198
))
("C:\Users\Szikora Gy√∂rgy\AppData\Local\Programs\MiKTeX\tex/latex/graphics\gra
phicx.sty"
Package: graphicx 2020/09/09 v1.2b Enhanced LaTeX Graphics (DPC,SPQR)

("C:\Users\Szikora Gy√∂rgy\AppData\Local\Programs\MiKTeX\tex/latex/graphics\gra
phics.sty"
Package: graphics 2020/08/30 v1.4c Standard LaTeX Graphics (DPC,SPQR)

("C:\Users\Szikora Gy√∂rgy\AppData\Local\Programs\MiKTeX\tex/latex/graphics\tri
g.sty"
Package: trig 2016/01/03 v1.10 sin cos tan (DPC)
)
("C:\Users\Szikora Gy√∂rgy\AppData\Local\Programs\MiKTeX\tex/latex/graphics-cfg
\graphics.cfg"
File: graphics.cfg 2016/06/04 v1.11 sample graphics configuration
)
Package graphics Info: Driver file: pdftex.def on input line 105.

("C:\Users\Szikora Gy√∂rgy\AppData\Local\Programs\MiKTeX\tex/latex/graphics-def
\pdftex.def"
File: pdftex.def 2020/10/05 v1.2a Graphics/color driver for pdftex
))
\Gin@req@height=\dimen144
\Gin@req@width=\dimen145
)
("C:\Users\Szikora Gy√∂rgy\AppData\Local\Programs\MiKTeX\tex/latex/l3backend\l3
backend-pdftex.def"
File: l3backend-pdftex.def 2020-09-24 L3 backend support: PDF output (pdfTeX)
\l__kernel_color_stack_int=\count199
\l__pdf_internal_box=\box47
) (kalibra-main.aux)
\openout1 = `kalibra-main.aux'.

LaTeX Font Info:    Checking defaults for OML/cmm/m/it on input line 40.
LaTeX Font Info:    ... okay on input line 40.
LaTeX Font Info:    Checking defaults for OMS/cmsy/m/n on input line 40.
LaTeX Font Info:    ... okay on input line 40.
LaTeX Font Info:    Checking defaults for OT1/cmr/m/n on input line 40.
LaTeX Font Info:    ... okay on input line 40.
LaTeX Font Info:    Checking defaults for T1/cmr/m/n on input line 40.
LaTeX Font Info:    ... okay on input line 40.
LaTeX Font Info:    Checking defaults for TS1/cmr/m/n on input line 40.
LaTeX Font Info:    ... okay on input line 40.
LaTeX Font Info:    Checking defaults for OMX/cmex/m/n on input line 40.
LaTeX Font Info:    ... okay on input line 40.
LaTeX Font Info:    Checking defaults for U/cmr/m/n on input line 40.
LaTeX Font Info:    ... okay on input line 40.
LaTeX Font Info:    Checking defaults for PD1/pdf/m/n on input line 40.
LaTeX Font Info:    ... okay on input line 40.
LaTeX Font Info:    Checking defaults for PU/pdf/m/n on input line 40.
LaTeX Font Info:    ... okay on input line 40.

("C:\Users\Szikora Gy√∂rgy\AppData\Local\Programs\MiKTeX\tex/latex/graphics\col
or.sty"
Package: color 2020/02/24 v1.2b Standard LaTeX Color (DPC)

("C:\Users\Szikora Gy√∂rgy\AppData\Local\Programs\MiKTeX\tex/latex/graphics-cfg
\color.cfg"
File: color.cfg 2016/01/02 v1.6 sample color configuration
)
Package color Info: Driver file: pdftex.def on input line 147.
)
Package hyperref Info: Link coloring ON on input line 40.

("C:\Users\Szikora Gy√∂rgy\AppData\Local\Programs\MiKTeX\tex/latex/hyperref\nam
eref.sty"
Package: nameref 2019/09/16 v2.46 Cross-referencing by name of section

("C:\Users\Szikora Gy√∂rgy\AppData\Local\Programs\MiKTeX\tex/latex/refcount\ref
count.sty"
Package: refcount 2019/12/15 v3.6 Data extraction from label references (HO)
)
("C:\Users\Szikora Gy√∂rgy\AppData\Local\Programs\MiKTeX\tex/generic/gettitlest
ring\gettitlestring.sty"
Package: gettitlestring 2019/12/15 v1.6 Cleanup title references (HO)
)
\c@section@level=\count266
)
LaTeX Info: Redefining \ref on input line 40.
LaTeX Info: Redefining \pageref on input line 40.
LaTeX Info: Redefining \nameref on input line 40.
 (kalibra-main.out) (kalibra-main.out)
\@outlinefile=\write3
\openout3 = `kalibra-main.out'.


("C:\Users\Szikora Gy√∂rgy\AppData\Local\Programs\MiKTeX\tex/context/base/mkii\
supp-pdf.mkii"
[Loading MPS to PDF converter (version 2006.09.02).]
\scratchcounter=\count267
\scratchdimen=\dimen146
\scratchbox=\box48
\nofMPsegments=\count268
\nofMParguments=\count269
\everyMPshowfont=\toks19
\MPscratchCnt=\count270
\MPscratchDim=\dimen147
\MPnumerator=\count271
\makeMPintoPDFobject=\count272
\everyMPtoPDFconversion=\toks20
)
("C:\Users\Szikora Gy√∂rgy\AppData\Local\Programs\MiKTeX\tex/latex/epstopdf-pkg
\epstopdf-base.sty"
Package: epstopdf-base 2020-01-24 v2.11 Base part for package epstopdf
Package epstopdf-base Info: Redefining graphics rule for `.eps' on input line 4
85.
)
("C:\Users\Szikora Gy√∂rgy\AppData\Local\Programs\MiKTeX\tex/latex/base\report.
cls"
LaTeX Info: Redefining \cal on input line 577.
LaTeX Info: Redefining \mit on input line 578.
)
LaTeX Font Info:    Trying to load font information for U+msa on input line 43.


("C:\Users\Szikora Gy√∂rgy\AppData\Local\Programs\MiKTeX\tex/latex/amsfonts\ums
a.fd"
File: umsa.fd 2013/01/14 v3.01 AMS symbols A
)
LaTeX Font Info:    Trying to load font information for U+msb on input line 43.


("C:\Users\Szikora Gy√∂rgy\AppData\Local\Programs\MiKTeX\tex/latex/amsfonts\ums
b.fd"
File: umsb.fd 2013/01/14 v3.01 AMS symbols B
) [1


{C:/Users/Szikora Gy√∂rgy/AppData/Local/MiKTeX/pdftex/config/pdftex.map}] (kali
bra-main.toc)
\tf@toc=\write4
\openout4 = `kalibra-main.toc'.

pdfTeX warning (ext4): destination with the same identifier (name{page.1}) has 
been already used, duplicate ignored
<to be read again> 
                   \relax 
l.45 \listoffigures
                    [1

] (kalibra-main.lof)
\tf@lof=\write5
\openout5 = `kalibra-main.lof'.

 [2

] (kalibra-main.lot)
\tf@lot=\write6
\openout6 = `kalibra-main.lot'.

 [3

] [4

]
1. fejezet.
[5

]
2. fejezet.
[6

] [7]
LaTeX Font Info:    Trying to load font information for T1+cmtt on input line 1
62.

("C:\Users\Szikora Gy√∂rgy\AppData\Local\Programs\MiKTeX\tex/latex/base\t1cmtt.
fd"
File: t1cmtt.fd 2019/12/16 v2.5j Standard LaTeX font definitions
) [8] [9] [10] [11]
3. fejezet.
[12

] [13]
Overfull \hbox (0.45314pt too wide) in paragraph at lines 434--437
[]\T1/cmr/bx/n/12 adminisztr·tor\T1/cmr/m/n/12 , aki a rend-szer-ben ta-l·l-ha-
tÛ tˆrzs-ada-tok ke-ze-lÈ-sÈt vÈg-
 []


Underfull \hbox (badness 10000) in paragraph at lines 447--485

 []

<kepek/tablak0-kapcs0.png, id=216, 326.6604pt x 230.25558pt>
File: kepek/tablak0-kapcs0.png Graphic file (type png)
<use kepek/tablak0-kapcs0.png>
Package pdftex.def Info: kepek/tablak0-kapcs0.png  used on input line 488.
(pdftex.def)             Requested size: 369.88582pt x 260.72684pt.
[14] [15 <./kepek/tablak0-kapcs0.png>]
Underfull \hbox (badness 10000) in paragraph at lines 533--535

 []

[16]
Underfull \hbox (badness 10000) in paragraph at lines 551--552

 []


Underfull \hbox (badness 10000) in paragraph at lines 569--572

 []


Underfull \hbox (badness 10000) in paragraph at lines 588--591

 []


Overfull \hbox (39.00456pt too wide) in paragraph at lines 597--606
 [][] 
 []


Underfull \hbox (badness 10000) in paragraph at lines 610--613

 []

[17]
Underfull \hbox (badness 10000) in paragraph at lines 631--634

 []


Overfull \hbox (23.7233pt too wide) in paragraph at lines 639--647
 [][] 
 []

[18] [19] (kalibra-main.aux)
Package rerunfilecheck Info: File `kalibra-main.out' has not changed.
(rerunfilecheck)             Checksum: 1F51C7D978B2B1FC783FA042473BAEBC;4188.
 ) 
Here is how much of TeX's memory you used:
 11057 strings out of 480236
 165833 string characters out of 2875769
 469873 words of memory out of 3000000
 27399 multiletter control sequences out of 15000+200000
 553420 words of font info for 76 fonts, out of 3000000 for 9000
 1141 hyphenation exceptions out of 8191
 60i,12n,66p,404b,441s stack positions out of 5000i,500n,10000p,200000b,50000s
 <C:\Users\Szikora Gy√∂rgy\AppData\Local\MiKTeX\fonts/pk/ljfour/jknappen/ec/d
pi600\ecrm0700.pk> <C:\Users\Szikora Gy√∂rgy\AppData\Local\MiKTeX\fonts/pk/ljfo
ur/jknappen/ec/dpi600\ectt1200.pk> <C:\Users\Szikora Gy√∂rgy\AppData\Local\MiKT
eX\fonts/pk/ljfour/jknappen/ec/dpi600\ecrm1000.pk> <C:\Users\Szikora Gy√∂rgy\Ap
pData\Local\MiKTeX\fonts/pk/ljfour/jknappen/ec/dpi600\ecrm0800.pk> <C:\Users\Sz
ikora Gy√∂rgy\AppData\Local\MiKTeX\fonts/pk/ljfour/jknappen/ec/dpi600\ecbx1728.
pk> <C:\Users\Szikora Gy√∂rgy\AppData\Local\MiKTeX\fonts/pk/ljfour/jknappen/ec/
dpi600\ecti1200.pk> <C:\Users\Szikora Gy√∂rgy\AppData\Local\MiKTeX\fonts/pk/ljf
our/jknappen/ec/dpi600\ecrm1200.pk> <C:\Users\Szikora Gy√∂rgy\AppData\Local\MiK
TeX\fonts/pk/ljfour/jknappen/ec/dpi600\ecbx1200.pk> <C:\Users\Szikora Gy√∂rgy\A
ppData\Local\MiKTeX\fonts/pk/ljfour/jknappen/ec/dpi600\ecbx1440.pk> <C:\Users\S
zikora Gy√∂rgy\AppData\Local\MiKTeX\fonts/pk/ljfour/jknappen/ec/dpi600\ecrm1440
.pk> <C:\Users\Szikora Gy√∂rgy\AppData\Local\MiKTeX\fonts/pk/ljfour/jknappen/ec
/dpi600\ecbx2488.pk><C:/Users/Szikora Gy√∂rgy/AppData/Local/Programs/MiKTeX/fon
ts/type1/public/amsfonts/cm/cmr12.pfb><C:/Users/Szikora Gy√∂rgy/AppData/Local/P
rograms/MiKTeX/fonts/type1/public/amsfonts/symbols/msam10.pfb>
Output written on kalibra-main.pdf (20 pages, 285531 bytes).
PDF statistics:
 743 PDF objects out of 1000 (max. 8388607)
 63 named destinations out of 1000 (max. 500000)
 182 words of extra memory for PDF output out of 10000 (max. 10000000)

